<?xml version="1.0" encoding="UTF-8" ?>
<testsuite tests="1" failures="0" name="TestSuite" time="35.852" errors="0" skipped="0">
  <properties>
    <property name="java.runtime.name" value="Java(TM) SE Runtime Environment"/>
    <property name="sun.boot.library.path" value="C:\Program Files\Java\jdk1.8.0_101\jre\bin"/>
    <property name="java.vm.version" value="25.101-b13"/>
    <property name="java.vm.vendor" value="Oracle Corporation"/>
    <property name="java.vendor.url" value="http://java.oracle.com/"/>
    <property name="path.separator" value=";"/>
    <property name="java.vm.name" value="Java HotSpot(TM) 64-Bit Server VM"/>
    <property name="file.encoding.pkg" value="sun.io"/>
    <property name="user.script" value=""/>
    <property name="user.country" value="CN"/>
    <property name="sun.java.launcher" value="SUN_STANDARD"/>
    <property name="sun.os.patch.level" value=""/>
    <property name="java.vm.specification.name" value="Java Virtual Machine Specification"/>
    <property name="user.dir" value="D:\autotest\target"/>
    <property name="java.runtime.version" value="1.8.0_101-b13"/>
    <property name="java.awt.graphicsenv" value="sun.awt.Win32GraphicsEnvironment"/>
    <property name="basedir" value="D:\autotest"/>
    <property name="java.endorsed.dirs" value="C:\Program Files\Java\jdk1.8.0_101\jre\lib\endorsed"/>
    <property name="os.arch" value="amd64"/>
    <property name="surefire.real.class.path" value="C:\Users\dell\AppData\Local\Temp\surefirebooter9157384024683660727.jar"/>
    <property name="java.io.tmpdir" value="C:\Users\dell\AppData\Local\Temp\"/>
    <property name="line.separator" value="
"/>
    <property name="java.vm.specification.vendor" value="Oracle Corporation"/>
    <property name="user.variant" value=""/>
    <property name="os.name" value="Windows 10"/>
    <property name="sun.jnu.encoding" value="GBK"/>
    <property name="java.library.path" value="C:\Program Files\Java\jdk1.8.0_101\jre\bin;C:\Windows\Sun\Java\bin;C:\Windows\system32;C:\Windows;C:\ProgramData\Oracle\Java\javapath;C:\Windows\system32;C:\Windows;C:\Windows\System32\Wbem;C:\Windows\System32\WindowsPowerShell\v1.0\;C:\Program Files\Java\jdk1.8.0_101\bin;C:\Program Files\Java\jdk1.8.0_101\jre\bin;D:\apache-maven-3.1.1\bin;D:\android-sdk-windows\platform-tools;D:\android-sdk-windows\tools;D:\Program Files\nodejs\;D:\Program Files (x86)\Appium\node_modules\.bin;D:\apache-ant-1.9.7\bin;D:\apache-jmeter-3.1\bin;C:\Users\dell\AppData\Roaming\npm;C:\Users\dell\AppData\Local\Microsoft\WindowsApps;C:\Users\dell\AppData\Roaming\npm;."/>
    <property name="surefire.test.class.path" value="D:\autotest\target\test-classes;D:\autotest\target\classes;D:\repository\io\appium\java-client\5.0.0-BETA6\java-client-5.0.0-BETA6.jar;D:\repository\org\seleniumhq\selenium\selenium-java\3.3.1\selenium-java-3.3.1.jar;D:\repository\org\seleniumhq\selenium\selenium-chrome-driver\3.3.1\selenium-chrome-driver-3.3.1.jar;D:\repository\org\seleniumhq\selenium\selenium-remote-driver\3.3.1\selenium-remote-driver-3.3.1.jar;D:\repository\org\seleniumhq\selenium\selenium-edge-driver\3.3.1\selenium-edge-driver-3.3.1.jar;D:\repository\org\seleniumhq\selenium\selenium-firefox-driver\3.3.1\selenium-firefox-driver-3.3.1.jar;D:\repository\org\seleniumhq\selenium\selenium-ie-driver\3.3.1\selenium-ie-driver-3.3.1.jar;D:\repository\org\seleniumhq\selenium\selenium-opera-driver\3.3.1\selenium-opera-driver-3.3.1.jar;D:\repository\org\seleniumhq\selenium\selenium-safari-driver\3.3.1\selenium-safari-driver-3.3.1.jar;D:\repository\com\codeborne\phantomjsdriver\1.4.0\phantomjsdriver-1.4.0.jar;D:\repository\org\apache\httpcomponents\httpclient\4.5.2\httpclient-4.5.2.jar;D:\repository\org\apache\httpcomponents\httpcore\4.4.4\httpcore-4.4.4.jar;D:\repository\commons-logging\commons-logging\1.2\commons-logging-1.2.jar;D:\repository\commons-codec\commons-codec\1.9\commons-codec-1.9.jar;D:\repository\cglib\cglib\3.2.4\cglib-3.2.4.jar;D:\repository\org\ow2\asm\asm\5.1\asm-5.1.jar;D:\repository\org\apache\ant\ant\1.9.6\ant-1.9.6.jar;D:\repository\org\apache\ant\ant-launcher\1.9.6\ant-launcher-1.9.6.jar;D:\repository\commons-validator\commons-validator\1.5.1\commons-validator-1.5.1.jar;D:\repository\commons-beanutils\commons-beanutils\1.9.2\commons-beanutils-1.9.2.jar;D:\repository\commons-digester\commons-digester\1.8.1\commons-digester-1.8.1.jar;D:\repository\commons-collections\commons-collections\3.2.2\commons-collections-3.2.2.jar;D:\repository\org\apache\commons\commons-lang3\3.5\commons-lang3-3.5.jar;D:\repository\org\springframework\spring-context\4.3.5.RELEASE\spring-context-4.3.5.RELEASE.jar;D:\repository\org\springframework\spring-aop\4.3.5.RELEASE\spring-aop-4.3.5.RELEASE.jar;D:\repository\org\springframework\spring-beans\4.3.5.RELEASE\spring-beans-4.3.5.RELEASE.jar;D:\repository\org\springframework\spring-core\4.3.5.RELEASE\spring-core-4.3.5.RELEASE.jar;D:\repository\org\springframework\spring-expression\4.3.5.RELEASE\spring-expression-4.3.5.RELEASE.jar;D:\repository\org\aspectj\aspectjweaver\1.8.10\aspectjweaver-1.8.10.jar;D:\repository\com\google\code\gson\gson\2.7\gson-2.7.jar;D:\repository\org\slf4j\slf4j-api\1.6.6\slf4j-api-1.6.6.jar;D:\repository\org\slf4j\slf4j-log4j12\1.6.6\slf4j-log4j12-1.6.6.jar;D:\repository\log4j\log4j\1.2.16\log4j-1.2.16.jar;D:\repository\net\sourceforge\jexcelapi\jxl\2.6.10\jxl-2.6.10.jar;D:\repository\org\apache\poi\poi-ooxml\3.9\poi-ooxml-3.9.jar;D:\repository\org\apache\poi\poi\3.9\poi-3.9.jar;D:\repository\org\apache\poi\poi-ooxml-schemas\3.9\poi-ooxml-schemas-3.9.jar;D:\repository\org\apache\xmlbeans\xmlbeans\2.3.0\xmlbeans-2.3.0.jar;D:\repository\stax\stax-api\1.0.1\stax-api-1.0.1.jar;D:\repository\commons-io\commons-io\2.5\commons-io-2.5.jar;D:\repository\dom4j\dom4j\1.6.1\dom4j-1.6.1.jar;D:\repository\xml-apis\xml-apis\1.0.b2\xml-apis-1.0.b2.jar;D:\repository\org\seleniumhq\selenium\selenium-server\3.1.0\selenium-server-3.1.0.jar;D:\repository\com\beust\jcommander\1.48\jcommander-1.48.jar;D:\repository\net\jcip\jcip-annotations\1.0\jcip-annotations-1.0.jar;D:\repository\org\seleniumhq\selenium\jetty-repacked\9.2.13.v20160825\jetty-repacked-9.2.13.v20160825.jar;D:\repository\javax\servlet\javax.servlet-api\3.1.0\javax.servlet-api-3.1.0.jar;D:\repository\org\seleniumhq\selenium\htmlunit-driver\2.23.2\htmlunit-driver-2.23.2.jar;D:\repository\org\seleniumhq\selenium\selenium-support\3.4.0\selenium-support-3.4.0.jar;D:\repository\org\seleniumhq\selenium\selenium-api\3.4.0\selenium-api-3.4.0.jar;D:\repository\cglib\cglib-nodep\3.2.4\cglib-nodep-3.2.4.jar;D:\repository\org\apache\commons\commons-exec\1.3\commons-exec-1.3.jar;D:\repository\net\java\dev\jna\jna\4.1.0\jna-4.1.0.jar;D:\repository\net\java\dev\jna\jna-platform\4.1.0\jna-platform-4.1.0.jar;D:\repository\net\sourceforge\htmlunit\htmlunit\2.23\htmlunit-2.23.jar;D:\repository\xalan\xalan\2.7.2\xalan-2.7.2.jar;D:\repository\xalan\serializer\2.7.2\serializer-2.7.2.jar;D:\repository\org\apache\httpcomponents\httpmime\4.5.2\httpmime-4.5.2.jar;D:\repository\net\sourceforge\htmlunit\htmlunit-core-js\2.23\htmlunit-core-js-2.23.jar;D:\repository\net\sourceforge\htmlunit\neko-htmlunit\2.23\neko-htmlunit-2.23.jar;D:\repository\xerces\xercesImpl\2.11.0\xercesImpl-2.11.0.jar;D:\repository\net\sourceforge\cssparser\cssparser\0.9.20\cssparser-0.9.20.jar;D:\repository\org\w3c\css\sac\1.3\sac-1.3.jar;D:\repository\org\yaml\snakeyaml\1.15\snakeyaml-1.15.jar;D:\repository\org\seleniumhq\selenium\selenium-server-standalone\3.1.0\selenium-server-standalone-3.1.0.jar;D:\repository\org\testng\testng\6.11\testng-6.11.jar;D:\repository\org\uncommons\reportng\1.1.4\reportng-1.1.4.jar;D:\repository\velocity\velocity\1.4\velocity-1.4.jar;D:\repository\velocity\velocity-dep\1.4\velocity-dep-1.4.jar;D:\repository\com\google\inject\guice\4.0\guice-4.0.jar;D:\repository\javax\inject\javax.inject\1\javax.inject-1.jar;D:\repository\aopalliance\aopalliance\1.0\aopalliance-1.0.jar;D:\repository\com\google\guava\guava\16.0.1\guava-16.0.1.jar;D:\repository\junit\junit\4.12\junit-4.12.jar;D:\repository\org\hamcrest\hamcrest-core\1.3\hamcrest-core-1.3.jar;"/>
    <property name="java.specification.name" value="Java Platform API Specification"/>
    <property name="java.class.version" value="52.0"/>
    <property name="sun.management.compiler" value="HotSpot 64-Bit Tiered Compilers"/>
    <property name="os.version" value="10.0"/>
    <property name="user.home" value="C:\Users\dell"/>
    <property name="user.timezone" value="Asia/Shanghai"/>
    <property name="java.awt.printerjob" value="sun.awt.windows.WPrinterJob"/>
    <property name="java.specification.version" value="1.8"/>
    <property name="file.encoding" value="GBK"/>
    <property name="user.name" value="dell"/>
    <property name="java.class.path" value="D:\autotest\target\test-classes;D:\autotest\target\classes;D:\repository\io\appium\java-client\5.0.0-BETA6\java-client-5.0.0-BETA6.jar;D:\repository\org\seleniumhq\selenium\selenium-java\3.3.1\selenium-java-3.3.1.jar;D:\repository\org\seleniumhq\selenium\selenium-chrome-driver\3.3.1\selenium-chrome-driver-3.3.1.jar;D:\repository\org\seleniumhq\selenium\selenium-remote-driver\3.3.1\selenium-remote-driver-3.3.1.jar;D:\repository\org\seleniumhq\selenium\selenium-edge-driver\3.3.1\selenium-edge-driver-3.3.1.jar;D:\repository\org\seleniumhq\selenium\selenium-firefox-driver\3.3.1\selenium-firefox-driver-3.3.1.jar;D:\repository\org\seleniumhq\selenium\selenium-ie-driver\3.3.1\selenium-ie-driver-3.3.1.jar;D:\repository\org\seleniumhq\selenium\selenium-opera-driver\3.3.1\selenium-opera-driver-3.3.1.jar;D:\repository\org\seleniumhq\selenium\selenium-safari-driver\3.3.1\selenium-safari-driver-3.3.1.jar;D:\repository\com\codeborne\phantomjsdriver\1.4.0\phantomjsdriver-1.4.0.jar;D:\repository\org\apache\httpcomponents\httpclient\4.5.2\httpclient-4.5.2.jar;D:\repository\org\apache\httpcomponents\httpcore\4.4.4\httpcore-4.4.4.jar;D:\repository\commons-logging\commons-logging\1.2\commons-logging-1.2.jar;D:\repository\commons-codec\commons-codec\1.9\commons-codec-1.9.jar;D:\repository\cglib\cglib\3.2.4\cglib-3.2.4.jar;D:\repository\org\ow2\asm\asm\5.1\asm-5.1.jar;D:\repository\org\apache\ant\ant\1.9.6\ant-1.9.6.jar;D:\repository\org\apache\ant\ant-launcher\1.9.6\ant-launcher-1.9.6.jar;D:\repository\commons-validator\commons-validator\1.5.1\commons-validator-1.5.1.jar;D:\repository\commons-beanutils\commons-beanutils\1.9.2\commons-beanutils-1.9.2.jar;D:\repository\commons-digester\commons-digester\1.8.1\commons-digester-1.8.1.jar;D:\repository\commons-collections\commons-collections\3.2.2\commons-collections-3.2.2.jar;D:\repository\org\apache\commons\commons-lang3\3.5\commons-lang3-3.5.jar;D:\repository\org\springframework\spring-context\4.3.5.RELEASE\spring-context-4.3.5.RELEASE.jar;D:\repository\org\springframework\spring-aop\4.3.5.RELEASE\spring-aop-4.3.5.RELEASE.jar;D:\repository\org\springframework\spring-beans\4.3.5.RELEASE\spring-beans-4.3.5.RELEASE.jar;D:\repository\org\springframework\spring-core\4.3.5.RELEASE\spring-core-4.3.5.RELEASE.jar;D:\repository\org\springframework\spring-expression\4.3.5.RELEASE\spring-expression-4.3.5.RELEASE.jar;D:\repository\org\aspectj\aspectjweaver\1.8.10\aspectjweaver-1.8.10.jar;D:\repository\com\google\code\gson\gson\2.7\gson-2.7.jar;D:\repository\org\slf4j\slf4j-api\1.6.6\slf4j-api-1.6.6.jar;D:\repository\org\slf4j\slf4j-log4j12\1.6.6\slf4j-log4j12-1.6.6.jar;D:\repository\log4j\log4j\1.2.16\log4j-1.2.16.jar;D:\repository\net\sourceforge\jexcelapi\jxl\2.6.10\jxl-2.6.10.jar;D:\repository\org\apache\poi\poi-ooxml\3.9\poi-ooxml-3.9.jar;D:\repository\org\apache\poi\poi\3.9\poi-3.9.jar;D:\repository\org\apache\poi\poi-ooxml-schemas\3.9\poi-ooxml-schemas-3.9.jar;D:\repository\org\apache\xmlbeans\xmlbeans\2.3.0\xmlbeans-2.3.0.jar;D:\repository\stax\stax-api\1.0.1\stax-api-1.0.1.jar;D:\repository\commons-io\commons-io\2.5\commons-io-2.5.jar;D:\repository\dom4j\dom4j\1.6.1\dom4j-1.6.1.jar;D:\repository\xml-apis\xml-apis\1.0.b2\xml-apis-1.0.b2.jar;D:\repository\org\seleniumhq\selenium\selenium-server\3.1.0\selenium-server-3.1.0.jar;D:\repository\com\beust\jcommander\1.48\jcommander-1.48.jar;D:\repository\net\jcip\jcip-annotations\1.0\jcip-annotations-1.0.jar;D:\repository\org\seleniumhq\selenium\jetty-repacked\9.2.13.v20160825\jetty-repacked-9.2.13.v20160825.jar;D:\repository\javax\servlet\javax.servlet-api\3.1.0\javax.servlet-api-3.1.0.jar;D:\repository\org\seleniumhq\selenium\htmlunit-driver\2.23.2\htmlunit-driver-2.23.2.jar;D:\repository\org\seleniumhq\selenium\selenium-support\3.4.0\selenium-support-3.4.0.jar;D:\repository\org\seleniumhq\selenium\selenium-api\3.4.0\selenium-api-3.4.0.jar;D:\repository\cglib\cglib-nodep\3.2.4\cglib-nodep-3.2.4.jar;D:\repository\org\apache\commons\commons-exec\1.3\commons-exec-1.3.jar;D:\repository\net\java\dev\jna\jna\4.1.0\jna-4.1.0.jar;D:\repository\net\java\dev\jna\jna-platform\4.1.0\jna-platform-4.1.0.jar;D:\repository\net\sourceforge\htmlunit\htmlunit\2.23\htmlunit-2.23.jar;D:\repository\xalan\xalan\2.7.2\xalan-2.7.2.jar;D:\repository\xalan\serializer\2.7.2\serializer-2.7.2.jar;D:\repository\org\apache\httpcomponents\httpmime\4.5.2\httpmime-4.5.2.jar;D:\repository\net\sourceforge\htmlunit\htmlunit-core-js\2.23\htmlunit-core-js-2.23.jar;D:\repository\net\sourceforge\htmlunit\neko-htmlunit\2.23\neko-htmlunit-2.23.jar;D:\repository\xerces\xercesImpl\2.11.0\xercesImpl-2.11.0.jar;D:\repository\net\sourceforge\cssparser\cssparser\0.9.20\cssparser-0.9.20.jar;D:\repository\org\w3c\css\sac\1.3\sac-1.3.jar;D:\repository\org\yaml\snakeyaml\1.15\snakeyaml-1.15.jar;D:\repository\org\seleniumhq\selenium\selenium-server-standalone\3.1.0\selenium-server-standalone-3.1.0.jar;D:\repository\org\testng\testng\6.11\testng-6.11.jar;D:\repository\org\uncommons\reportng\1.1.4\reportng-1.1.4.jar;D:\repository\velocity\velocity\1.4\velocity-1.4.jar;D:\repository\velocity\velocity-dep\1.4\velocity-dep-1.4.jar;D:\repository\com\google\inject\guice\4.0\guice-4.0.jar;D:\repository\javax\inject\javax.inject\1\javax.inject-1.jar;D:\repository\aopalliance\aopalliance\1.0\aopalliance-1.0.jar;D:\repository\com\google\guava\guava\16.0.1\guava-16.0.1.jar;D:\repository\junit\junit\4.12\junit-4.12.jar;D:\repository\org\hamcrest\hamcrest-core\1.3\hamcrest-core-1.3.jar;"/>
    <property name="java.vm.specification.version" value="1.8"/>
    <property name="sun.arch.data.model" value="64"/>
    <property name="java.home" value="C:\Program Files\Java\jdk1.8.0_101\jre"/>
    <property name="sun.java.command" value="C:\Users\dell\AppData\Local\Temp\surefirebooter9157384024683660727.jar C:\Users\dell\AppData\Local\Temp\surefire1364638752901511918tmp C:\Users\dell\AppData\Local\Temp\surefire2242597593872867635tmp"/>
    <property name="java.specification.vendor" value="Oracle Corporation"/>
    <property name="user.language" value="zh"/>
    <property name="awt.toolkit" value="sun.awt.windows.WToolkit"/>
    <property name="java.vm.info" value="mixed mode"/>
    <property name="java.version" value="1.8.0_101"/>
    <property name="java.ext.dirs" value="C:\Program Files\Java\jdk1.8.0_101\jre\lib\ext;C:\Windows\Sun\Java\lib\ext"/>
    <property name="sun.boot.class.path" value="C:\Program Files\Java\jdk1.8.0_101\jre\lib\resources.jar;C:\Program Files\Java\jdk1.8.0_101\jre\lib\rt.jar;C:\Program Files\Java\jdk1.8.0_101\jre\lib\sunrsasign.jar;C:\Program Files\Java\jdk1.8.0_101\jre\lib\jsse.jar;C:\Program Files\Java\jdk1.8.0_101\jre\lib\jce.jar;C:\Program Files\Java\jdk1.8.0_101\jre\lib\charsets.jar;C:\Program Files\Java\jdk1.8.0_101\jre\lib\jfr.jar;C:\Program Files\Java\jdk1.8.0_101\jre\classes"/>
    <property name="java.vendor" value="Oracle Corporation"/>
    <property name="localRepository" value="D:\repository"/>
    <property name="file.separator" value="\"/>
    <property name="java.vendor.url.bug" value="http://bugreport.sun.com/bugreport/"/>
    <property name="sun.cpu.endian" value="little"/>
    <property name="sun.io.unicode.encoding" value="UnicodeLittle"/>
    <property name="sun.desktop" value="windows"/>
    <property name="sun.cpu.isalist" value="amd64"/>
  </properties>
  <testcase classname="AutoLoginTest" name="My_Login_001" time="24.715"/>
</testsuite>